#-----------------------------------------------------------
# Vivado v2024.2 (64-bit)
# SW Build 5239630 on Fri Nov 08 22:35:27 MST 2024
# IP Build 5239520 on Sun Nov 10 16:12:51 MST 2024
# SharedData Build 5239561 on Fri Nov 08 14:39:27 MST 2024
# Start of session at: Mon Feb  3 20:07:38 2025
# Process ID         : 13388
# Current directory  : C:/Users/C27Jack.Plovanich/ece281/prelab
# Command line       : vivado.exe -gui_launcher_event rodinguilauncherevent24016 C:\Users\C27Jack.Plovanich\ece281\prelab\thirtyoneday.xpr
# Log file           : C:/Users/C27Jack.Plovanich/ece281/prelab/vivado.log
# Journal file       : C:/Users/C27Jack.Plovanich/ece281/prelab\vivado.jou
# Running On         : C27-5CG3121DCM
# Platform           : Windows Server 2016 or Windows 10
# Operating System   : 22631
# Processor Detail   : AMD Ryzen 7 PRO 6850U with Radeon Graphics     
# CPU Frequency      : 2695 MHz
# CPU Physical cores : 8
# CPU Logical cores  : 16
# Host memory        : 16442 MB
# Swap memory        : 8589 MB
# Total Virtual      : 25032 MB
# Available Virtual  : 4228 MB
#-----------------------------------------------------------
start_gui
open_project C:/Users/C27Jack.Plovanich/ece281/prelab/thirtyoneday.xpr
INFO: [Project 1-313] Project file moved from './ece281-lab1' since last save.
INFO: [filemgmt 56-3] Default IP Output Path : Could not find the directory 'C:/Users/C27Jack.Plovanich/ece281/prelab/thirtyoneday.gen/sources_1'.
WARNING: [filemgmt 56-3] IPUserFilesDir: Could not find the directory 'C:/Users/C27Jack.Plovanich/ece281/prelab/thirtyoneday.ip_user_files'.
Scanning sources...
Finished scanning sources
INFO: [Project 1-230] Project 'thirtyoneday.xpr' upgraded for this version of Vivado.
INFO: [IP_Flow 19-234] Refreshing IP repositories
INFO: [IP_Flow 19-1704] No user IP repositories specified
INFO: [IP_Flow 19-2313] Loaded Vivado IP repository 'C:/Xilinx/Vivado/2024.2/data/ip'.
open_project: Time (s): cpu = 00:00:04 ; elapsed = 00:00:07 . Memory (MB): peak = 1114.000 ; gain = 63.262
exit
INFO: [Common 17-206] Exiting Vivado at Mon Feb  3 20:10:18 2025...
